<?xml version="1.0" encoding="UTF-8"?>
<coverage generated="1628753470947" clover="3.2.0">
  <project timestamp="1628753470947" name="All files">
    <metrics statements="7" coveredstatements="7" conditionals="4" coveredconditionals="3" methods="3" coveredmethods="3" elements="14" coveredelements="13" complexity="0" loc="7" ncloc="7" packages="1" files="1" classes="1"/>
    <file name="mock.js" path="/Users/qichenggege/Desktop/refactor/tests/day01/mock.js">
      <metrics statements="7" coveredstatements="7" conditionals="4" coveredconditionals="3" methods="3" coveredmethods="3"/>
      <line num="6" count="1" type="stmt"/>
      <line num="7" count="2" type="stmt"/>
      <line num="8" count="2" type="stmt"/>
      <line num="9" count="4" type="stmt"/>
      <line num="10" count="24" type="cond" truecount="3" falsecount="1"/>
      <line num="12" count="4" type="stmt"/>
      <line num="14" count="2" type="stmt"/>
    </file>
  </project>
</coverage>
