{"/Users/qichenggege/Desktop/refactor/tests/day01/sum.js": {"path":"/Users/qichenggege/Desktop/refactor/tests/day01/sum.js","statementMap":{"0":{"start":{"line":11,"column":19},"end":{"line":19,"column":1}},"1":{"start":{"line":12,"column":2},"end":{"line":18,"column":3}},"2":{"start":{"line":12,"column":15},"end":{"line":12,"column":16}},"3":{"start":{"line":13,"column":4},"end":{"line":17,"column":5}},"4":{"start":{"line":13,"column":17},"end":{"line":13,"column":18}},"5":{"start":{"line":14,"column":6},"end":{"line":16,"column":7}},"6":{"start":{"line":15,"column":8},"end":{"line":15,"column":21}},"7":{"start":{"line":25,"column":22},"end":{"line":35,"column":1}},"8":{"start":{"line":26,"column":14},"end":{"line":26,"column":25}},"9":{"start":{"line":27,"column":2},"end":{"line":34,"column":3}},"10":{"start":{"line":27,"column":15},"end":{"line":27,"column":16}},"11":{"start":{"line":28,"column":16},"end":{"line":28,"column":32}},"12":{"start":{"line":29,"column":4},"end":{"line":33,"column":5}},"13":{"start":{"line":30,"column":6},"end":{"line":30,"column":30}},"14":{"start":{"line":32,"column":6},"end":{"line":32,"column":25}}},"fnMap":{"0":{"name":"(anonymous_0)","decl":{"start":{"line":11,"column":19},"end":{"line":11,"column":20}},"loc":{"start":{"line":11,"column":33},"end":{"line":19,"column":1}},"line":11},"1":{"name":"(anonymous_1)","decl":{"start":{"line":25,"column":22},"end":{"line":25,"column":23}},"loc":{"start":{"line":25,"column":40},"end":{"line":35,"column":1}},"line":25}},"branchMap":{"0":{"loc":{"start":{"line":14,"column":6},"end":{"line":16,"column":7}},"type":"if","locations":[{"start":{"line":14,"column":6},"end":{"line":16,"column":7}},{"start":{"line":14,"column":6},"end":{"line":16,"column":7}}],"line":14},"1":{"loc":{"start":{"line":29,"column":4},"end":{"line":33,"column":5}},"type":"if","locations":[{"start":{"line":29,"column":4},"end":{"line":33,"column":5}},{"start":{"line":29,"column":4},"end":{"line":33,"column":5}}],"line":29}},"s":{"0":1,"1":1,"2":1,"3":1,"4":1,"5":7,"6":1,"7":1,"8":1,"9":1,"10":1,"11":7,"12":7,"13":1,"14":6},"f":{"0":1,"1":1},"b":{"0":[1,6],"1":[1,6]},"_coverageSchema":"1a1c01bbd47fc00a2c39e90264f33305004495a9","hash":"9aae39da2c6a8fc2214e030b394298fa052076c3"}
}
