{"/Users/qichenggege/Desktop/refactor/tests/day01/mock.js": {"path":"/Users/qichenggege/Desktop/refactor/tests/day01/mock.js","statementMap":{"0":{"start":{"line":6,"column":20},"end":{"line":15,"column":1}},"1":{"start":{"line":7,"column":14},"end":{"line":7,"column":16}},"2":{"start":{"line":8,"column":2},"end":{"line":13,"column":4}},"3":{"start":{"line":9,"column":16},"end":{"line":11,"column":6}},"4":{"start":{"line":10,"column":6},"end":{"line":10,"column":79}},"5":{"start":{"line":12,"column":4},"end":{"line":12,"column":17}},"6":{"start":{"line":14,"column":2},"end":{"line":14,"column":12}}},"fnMap":{"0":{"name":"(anonymous_0)","decl":{"start":{"line":6,"column":20},"end":{"line":6,"column":21}},"loc":{"start":{"line":6,"column":33},"end":{"line":15,"column":1}},"line":6},"1":{"name":"(anonymous_1)","decl":{"start":{"line":8,"column":28},"end":{"line":8,"column":29}},"loc":{"start":{"line":8,"column":45},"end":{"line":13,"column":3}},"line":8},"2":{"name":"(anonymous_2)","decl":{"start":{"line":9,"column":22},"end":{"line":9,"column":23}},"loc":{"start":{"line":9,"column":37},"end":{"line":11,"column":5}},"line":9}},"branchMap":{"0":{"loc":{"start":{"line":10,"column":13},"end":{"line":10,"column":79}},"type":"cond-expr","locations":[{"start":{"line":10,"column":25},"end":{"line":10,"column":27}},{"start":{"line":10,"column":30},"end":{"line":10,"column":79}}],"line":10},"1":{"loc":{"start":{"line":10,"column":30},"end":{"line":10,"column":79}},"type":"cond-expr","locations":[{"start":{"line":10,"column":55},"end":{"line":10,"column":74}},{"start":{"line":10,"column":77},"end":{"line":10,"column":79}}],"line":10}},"s":{"0":1,"1":2,"2":2,"3":4,"4":24,"5":4,"6":2},"f":{"0":2,"1":4,"2":24},"b":{"0":[0,24],"1":[17,7]},"_coverageSchema":"1a1c01bbd47fc00a2c39e90264f33305004495a9","hash":"d5a51b0b0e6c78c0c97b85c304c22d131639d3a9"}
}
